<?xml version="1.0" encoding="UTF-8"?>
<testng-results skipped="0" failed="0" total="2" passed="2">
  <reporter-output>
  </reporter-output>
  <suite name="Suite" duration-ms="38298" started-at="2021-06-22T04:13:06Z" finished-at="2021-06-22T04:13:45Z">
    <groups>
    </groups>
    <test name="Test" duration-ms="38298" started-at="2021-06-22T04:13:06Z" finished-at="2021-06-22T04:13:45Z">
      <class name="com.businesscripts.TestTwoDemo">
        <test-method status="PASS" signature="demo()[pri:0, instance:com.businesscripts.TestTwoDemo@60addb54]" name="demo" duration-ms="24462" started-at="2021-06-22T09:43:20Z" finished-at="2021-06-22T09:43:45Z">
          <reporter-output>
          </reporter-output>
        </test-method> <!-- demo -->
      </class> <!-- com.businesscripts.TestTwoDemo -->
      <class name="com.businesscripts.TestOneDemo">
        <test-method status="PASS" signature="test()[pri:0, instance:com.businesscripts.TestOneDemo@2ef9b8bc]" name="test" duration-ms="13776" started-at="2021-06-22T09:43:06Z" finished-at="2021-06-22T09:43:20Z">
          <reporter-output>
          </reporter-output>
        </test-method> <!-- test -->
      </class> <!-- com.businesscripts.TestOneDemo -->
    </test> <!-- Test -->
  </suite> <!-- Suite -->
</testng-results>
