<?xml version="1.0" encoding="UTF-8"?>
<testng-results skipped="0" failed="0" total="2" passed="2">
  <reporter-output>
  </reporter-output>
  <suite name="Suite" duration-ms="74103" started-at="2021-06-22T04:09:18Z" finished-at="2021-06-22T04:10:32Z">
    <groups>
    </groups>
    <test name="Test" duration-ms="74103" started-at="2021-06-22T04:09:18Z" finished-at="2021-06-22T04:10:32Z">
      <class name="com.businesscripts.TestTwoDemo">
        <test-method status="PASS" signature="demo()[pri:0, instance:com.businesscripts.TestTwoDemo@2a18f23c]" name="demo" duration-ms="25881" started-at="2021-06-22T09:40:06Z" finished-at="2021-06-22T09:40:32Z">
          <reporter-output>
          </reporter-output>
        </test-method> <!-- demo -->
      </class> <!-- com.businesscripts.TestTwoDemo -->
      <class name="com.businesscripts.TestOneDemo">
        <test-method status="PASS" signature="test()[pri:0, instance:com.businesscripts.TestOneDemo@357246de]" name="test" duration-ms="48083" started-at="2021-06-22T09:39:18Z" finished-at="2021-06-22T09:40:06Z">
          <reporter-output>
          </reporter-output>
        </test-method> <!-- test -->
      </class> <!-- com.businesscripts.TestOneDemo -->
    </test> <!-- Test -->
  </suite> <!-- Suite -->
</testng-results>
